[debug] [2024-05-19T13:20:42.600Z] ----------------------------------------------------------------------
[debug] [2024-05-19T13:20:42.604Z] Command:       /nix/store/qfm6zpnicb4q5x6w6y4cpj5z8ap68j3h-nodejs-18.19.1/bin/node /nix/store/5v7fkyyi565g871f5xgr2prbnwmsi444-firebase-tools-13.8.2/lib/node_modules/firebase-tools/lib/bin/firebase.js init hosting
[debug] [2024-05-19T13:20:42.605Z] CLI Version:   13.8.2
[debug] [2024-05-19T13:20:42.605Z] Platform:      linux
[debug] [2024-05-19T13:20:42.605Z] Node Version:  v18.19.1
[debug] [2024-05-19T13:20:42.606Z] Time:          Sun May 19 2024 13:20:42 GMT+0000 (Coordinated Universal Time)
[debug] [2024-05-19T13:20:42.606Z] ----------------------------------------------------------------------
[debug] 
[debug] [2024-05-19T13:20:42.611Z] >>> [apiv2][query] GET https://firebase-public.firebaseio.com/cli.json [none]
[debug] [2024-05-19T13:20:42.689Z] > command requires scopes: ["email","openid","https://www.googleapis.com/auth/cloudplatformprojects.readonly","https://www.googleapis.com/auth/firebase","https://www.googleapis.com/auth/cloud-platform"]
[debug] [2024-05-19T13:20:43.072Z] <<< [apiv2][status] GET https://firebase-public.firebaseio.com/cli.json 200
[debug] [2024-05-19T13:20:43.081Z] <<< [apiv2][body] GET https://firebase-public.firebaseio.com/cli.json {"cloudBuildErrorAfter":1594252800000,"cloudBuildWarnAfter":1590019200000,"defaultNode10After":1594252800000,"minVersion":"3.0.5","node8DeploysDisabledAfter":1613390400000,"node8RuntimeDisabledAfter":1615809600000,"node8WarnAfter":1600128000000}
[info] 
     ######## #### ########  ######## ########     ###     ######  ########
     ##        ##  ##     ## ##       ##     ##  ##   ##  ##       ##
     ######    ##  ########  ######   ########  #########  ######  ######
     ##        ##  ##    ##  ##       ##     ## ##     ##       ## ##
     ##       #### ##     ## ######## ########  ##     ##  ######  ########

You're about to initialize a Firebase project in this directory:

  /home/user/tarea01-web

[info] 
=== Project Setup
[info] 
[info] First, let's associate this project directory with a Firebase project.
[info] You can create multiple project aliases by running firebase use --add, 
[info] but for now we'll just set up a default project.
[info] 
[debug] [2024-05-19T13:22:33.582Z] >>> [apiv2][query] GET https://firebase.googleapis.com/v1beta1/projects pageSize=100
[debug] [2024-05-19T13:22:33.622Z] <<< [apiv2][status] GET https://firebase.googleapis.com/v1beta1/projects 403
[debug] [2024-05-19T13:22:33.626Z] <<< [apiv2][body] GET https://firebase.googleapis.com/v1beta1/projects [omitted]
[debug] [2024-05-19T13:22:33.627Z] HTTP Error: 403, Firebase Management API has not been used in project 945553600981 before or it is disabled. Enable it by visiting https://console.developers.google.com/apis/api/firebase.googleapis.com/overview?project=945553600981 then retry. If you enabled this API recently, wait a few minutes for the action to propagate to our systems and retry.
[debug] [2024-05-19T13:22:33.629Z] FirebaseError: HTTP Error: 403, Firebase Management API has not been used in project 945553600981 before or it is disabled. Enable it by visiting https://console.developers.google.com/apis/api/firebase.googleapis.com/overview?project=945553600981 then retry. If you enabled this API recently, wait a few minutes for the action to propagate to our systems and retry.
    at responseToError (/nix/store/5v7fkyyi565g871f5xgr2prbnwmsi444-firebase-tools-13.8.2/lib/node_modules/firebase-tools/lib/responseToError.js:49:12)
    at RetryOperation._fn (/nix/store/5v7fkyyi565g871f5xgr2prbnwmsi444-firebase-tools-13.8.2/lib/node_modules/firebase-tools/lib/apiv2.js:305:77)
    at process.processTicksAndRejections (node:internal/process/task_queues:95:5)
[error] 
[error] Error: Failed to list Firebase projects. See firebase-debug.log for more info.
